# JRE version: OpenJDK Runtime Environment Temurin-21.0.6+7 (21.0.6+7) (build 21.0.6+7-LTS)
# Java VM: OpenJDK 64-Bit Server VM Temurin-21.0.6+7 (21.0.6+7-LTS, mixed mode, sharing, tiered, compressed oops, compressed class ptrs, parallel gc, windows-amd64)
GC Precious Log:
 CardTable entry size: 512
 CPUs: 16 total, 16 available
 Memory: 16163M
 Large Page Support: Disabled
 NUMA Support: Disabled
 Compressed Oops: Enabled (32-bit)
 Alignments: Space 512K, Generation 512K, Heap 2M
 Heap Min Capacity: 100M
 Heap Initial Capacity: 100M
 Heap Max Capacity: 1G
 Pre-touch: Disabled
 Parallel Workers: 13
Heap:
 PSYoungGen      total 5120K, used 1561K [0x00000000eab00000, 0x00000000eb180000, 0x0000000100000000)
  eden space 4096K, 17% used [0x00000000eab00000,0x00000000eabb0878,0x00000000eaf00000)
  from space 1024K, 84% used [0x00000000eaf00000,0x00000000eafd9438,0x00000000eb000000)
  to   space 1024K, 0% used [0x00000000eb080000,0x00000000eb080000,0x00000000eb180000)
 ParOldGen       total 267776K, used 267271K [0x00000000c0000000, 0x00000000d0580000, 0x00000000eab00000)
  object space 267776K, 99% used [0x00000000c0000000,0x00000000d0501e30,0x00000000d0580000)
 Metaspace       used 83755K, committed 85440K, reserved 1179648K
  class space    used 9857K, committed 10624K, reserved 1048576K
GC Heap History (20 events):
Event: 53.899 GC heap before
{Heap before GC invocations=630 (full 3):
 PSYoungGen      total 7168K, used 6958K [0x00000000eab00000, 0x00000000eb400000, 0x0000000100000000)
  eden space 5632K, 100% used [0x00000000eab00000,0x00000000eb080000,0x00000000eb080000)
  from space 1536K, 86% used [0x00000000eb200000,0x00000000eb34b978,0x00000000eb380000)
  to   space 1536K, 0% used [0x00000000eb080000,0x00000000eb080000,0x00000000eb200000)
 ParOldGen       total 257536K, used 257328K [0x00000000c0000000, 0x00000000cfb80000, 0x00000000eab00000)
  object space 257536K, 99% used [0x00000000c0000000,0x00000000cfb4c0c8,0x00000000cfb80000)
 Metaspace       used 81878K, committed 83520K, reserved 1179648K
  class space    used 9648K, committed 10368K, reserved 1048576K
}
Event: 53.901 GC heap after
{Heap after GC invocations=630 (full 3):
 PSYoungGen      total 7168K, used 704K [0x00000000eab00000, 0x00000000eb400000, 0x0000000100000000)
  eden space 5632K, 0% used [0x00000000eab00000,0x00000000eab00000,0x00000000eb080000)
  from space 1536K, 45% used [0x00000000eb080000,0x00000000eb130000,0x00000000eb200000)
  to   space 1024K, 0% used [0x00000000eb300000,0x00000000eb300000,0x00000000eb400000)
 ParOldGen       total 258048K, used 257656K [0x00000000c0000000, 0x00000000cfc00000, 0x00000000eab00000)
  object space 258048K, 99% used [0x00000000c0000000,0x00000000cfb9e0c8,0x00000000cfc00000)
 Metaspace       used 81878K, committed 83520K, reserved 1179648K
  class space    used 9648K, committed 10368K, reserved 1048576K
}
Event: 53.911 GC heap before
{Heap before GC invocations=631 (full 3):
 PSYoungGen      total 7168K, used 6336K [0x00000000eab00000, 0x00000000eb400000, 0x0000000100000000)
  eden space 5632K, 100% used [0x00000000eab00000,0x00000000eb080000,0x00000000eb080000)
  from space 1536K, 45% used [0x00000000eb080000,0x00000000eb130000,0x00000000eb200000)
  to   space 1024K, 0% used [0x00000000eb300000,0x00000000eb300000,0x00000000eb400000)
 ParOldGen       total 258048K, used 257656K [0x00000000c0000000, 0x00000000cfc00000, 0x00000000eab00000)
  object space 258048K, 99% used [0x00000000c0000000,0x00000000cfb9e0c8,0x00000000cfc00000)
 Metaspace       used 82111K, committed 83776K, reserved 1179648K
  class space    used 9676K, committed 10432K, reserved 1048576K
}
Event: 53.912 GC heap after
{Heap after GC invocations=631 (full 3):
 PSYoungGen      total 6656K, used 672K [0x00000000eab00000, 0x00000000eb400000, 0x0000000100000000)
  eden space 5632K, 0% used [0x00000000eab00000,0x00000000eab00000,0x00000000eb080000)
  from space 1024K, 65% used [0x00000000eb300000,0x00000000eb3a8000,0x00000000eb400000)
  to   space 1024K, 0% used [0x00000000eb200000,0x00000000eb200000,0x00000000eb300000)
 ParOldGen       total 258560K, used 258176K [0x00000000c0000000, 0x00000000cfc80000, 0x00000000eab00000)
  object space 258560K, 99% used [0x00000000c0000000,0x00000000cfc200c8,0x00000000cfc80000)
 Metaspace       used 82111K, committed 83776K, reserved 1179648K
  class space    used 9676K, committed 10432K, reserved 1048576K
}
Event: 53.923 GC heap before
{Heap before GC invocations=632 (full 3):
 PSYoungGen      total 6656K, used 6304K [0x00000000eab00000, 0x00000000eb400000, 0x0000000100000000)
  eden space 5632K, 100% used [0x00000000eab00000,0x00000000eb080000,0x00000000eb080000)
  from space 1024K, 65% used [0x00000000eb300000,0x00000000eb3a8000,0x00000000eb400000)
  to   space 1024K, 0% used [0x00000000eb200000,0x00000000eb200000,0x00000000eb300000)
 ParOldGen       total 258560K, used 258176K [0x00000000c0000000, 0x00000000cfc80000, 0x00000000eab00000)
  object space 258560K, 99% used [0x00000000c0000000,0x00000000cfc200c8,0x00000000cfc80000)
 Metaspace       used 82315K, committed 83968K, reserved 1179648K
  class space    used 9700K, committed 10432K, reserved 1048576K
}
Event: 53.924 GC heap after
{Heap after GC invocations=632 (full 3):
 PSYoungGen      total 6656K, used 768K [0x00000000eab00000, 0x00000000eb380000, 0x0000000100000000)
  eden space 5632K, 0% used [0x00000000eab00000,0x00000000eab00000,0x00000000eb080000)
  from space 1024K, 75% used [0x00000000eb200000,0x00000000eb2c0000,0x00000000eb300000)
  to   space 512K, 0% used [0x00000000eb300000,0x00000000eb300000,0x00000000eb380000)
 ParOldGen       total 259072K, used 258688K [0x00000000c0000000, 0x00000000cfd00000, 0x00000000eab00000)
  object space 259072K, 99% used [0x00000000c0000000,0x00000000cfca00c8,0x00000000cfd00000)
 Metaspace       used 82315K, committed 83968K, reserved 1179648K
  class space    used 9700K, committed 10432K, reserved 1048576K
}
Event: 53.936 GC heap before
{Heap before GC invocations=633 (full 3):
 PSYoungGen      total 6656K, used 6400K [0x00000000eab00000, 0x00000000eb380000, 0x0000000100000000)
  eden space 5632K, 100% used [0x00000000eab00000,0x00000000eb080000,0x00000000eb080000)
  from space 1024K, 75% used [0x00000000eb200000,0x00000000eb2c0000,0x00000000eb300000)
  to   space 512K, 0% used [0x00000000eb300000,0x00000000eb300000,0x00000000eb380000)
 ParOldGen       total 259072K, used 258688K [0x00000000c0000000, 0x00000000cfd00000, 0x00000000eab00000)
  object space 259072K, 99% used [0x00000000c0000000,0x00000000cfca00c8,0x00000000cfd00000)
 Metaspace       used 82643K, committed 84352K, reserved 1179648K
  class space    used 9733K, committed 10496K, reserved 1048576K
}
Event: 53.937 GC heap after
{Heap after GC invocations=633 (full 3):
 PSYoungGen      total 6144K, used 512K [0x00000000eab00000, 0x00000000eb380000, 0x0000000100000000)
  eden space 5632K, 0% used [0x00000000eab00000,0x00000000eab00000,0x00000000eb080000)
  from space 512K, 100% used [0x00000000eb300000,0x00000000eb380000,0x00000000eb380000)
  to   space 1536K, 0% used [0x00000000eb080000,0x00000000eb080000,0x00000000eb200000)
 ParOldGen       total 259584K, used 259352K [0x00000000c0000000, 0x00000000cfd80000, 0x00000000eab00000)
  object space 259584K, 99% used [0x00000000c0000000,0x00000000cfd460c8,0x00000000cfd80000)
 Metaspace       used 82643K, committed 84352K, reserved 1179648K
  class space    used 9733K, committed 10496K, reserved 1048576K
}
Event: 53.945 GC heap before
{Heap before GC invocations=634 (full 3):
 PSYoungGen      total 6144K, used 6144K [0x00000000eab00000, 0x00000000eb380000, 0x0000000100000000)
  eden space 5632K, 100% used [0x00000000eab00000,0x00000000eb080000,0x00000000eb080000)
  from space 512K, 100% used [0x00000000eb300000,0x00000000eb380000,0x00000000eb380000)
  to   space 1536K, 0% used [0x00000000eb080000,0x00000000eb080000,0x00000000eb200000)
 ParOldGen       total 259584K, used 259352K [0x00000000c0000000, 0x00000000cfd80000, 0x00000000eab00000)
  object space 259584K, 99% used [0x00000000c0000000,0x00000000cfd460c8,0x00000000cfd80000)
 Metaspace       used 82896K, committed 84544K, reserved 1179648K
  class space    used 9774K, committed 10496K, reserved 1048576K
}
Event: 53.946 GC heap after
{Heap after GC invocations=634 (full 3):
 PSYoungGen      total 7168K, used 736K [0x00000000eab00000, 0x00000000eb380000, 0x0000000100000000)
  eden space 5632K, 0% used [0x00000000eab00000,0x00000000eab00000,0x00000000eb080000)
  from space 1536K, 47% used [0x00000000eb080000,0x00000000eb138000,0x00000000eb200000)
  to   space 1024K, 0% used [0x00000000eb280000,0x00000000eb280000,0x00000000eb380000)
 ParOldGen       total 260096K, used 259784K [0x00000000c0000000, 0x00000000cfe00000, 0x00000000eab00000)
  object space 260096K, 99% used [0x00000000c0000000,0x00000000cfdb20c8,0x00000000cfe00000)
 Metaspace       used 82896K, committed 84544K, reserved 1179648K
  class space    used 9774K, committed 10496K, reserved 1048576K
}
Event: 53.957 GC heap before
{Heap before GC invocations=635 (full 3):
 PSYoungGen      total 7168K, used 6368K [0x00000000eab00000, 0x00000000eb380000, 0x0000000100000000)
  eden space 5632K, 100% used [0x00000000eab00000,0x00000000eb080000,0x00000000eb080000)
  from space 1536K, 47% used [0x00000000eb080000,0x00000000eb138000,0x00000000eb200000)
  to   space 1024K, 0% used [0x00000000eb280000,0x00000000eb280000,0x00000000eb380000)
 ParOldGen       total 260096K, used 259784K [0x00000000c0000000, 0x00000000cfe00000, 0x00000000eab00000)
  object space 260096K, 99% used [0x00000000c0000000,0x00000000cfdb20c8,0x00000000cfe00000)
 Metaspace       used 83065K, committed 84736K, reserved 1179648K
  class space    used 9791K, committed 10560K, reserved 1048576K
}
Event: 53.958 GC heap after
{Heap after GC invocations=635 (full 3):
 PSYoungGen      total 6656K, used 896K [0x00000000eab00000, 0x00000000eb380000, 0x0000000100000000)
  eden space 5632K, 0% used [0x00000000eab00000,0x00000000eab00000,0x00000000eb080000)
  from space 1024K, 87% used [0x00000000eb280000,0x00000000eb360010,0x00000000eb380000)
  to   space 1024K, 0% used [0x00000000eb180000,0x00000000eb180000,0x00000000eb280000)
 ParOldGen       total 260608K, used 260320K [0x00000000c0000000, 0x00000000cfe80000, 0x00000000eab00000)
  object space 260608K, 99% used [0x00000000c0000000,0x00000000cfe380c8,0x00000000cfe80000)
 Metaspace       used 83065K, committed 84736K, reserved 1179648K
  class space    used 9791K, committed 10560K, reserved 1048576K
}
Event: 53.969 GC heap before
{Heap before GC invocations=636 (full 3):
 PSYoungGen      total 6656K, used 6528K [0x00000000eab00000, 0x00000000eb380000, 0x0000000100000000)
  eden space 5632K, 100% used [0x00000000eab00000,0x00000000eb080000,0x00000000eb080000)
  from space 1024K, 87% used [0x00000000eb280000,0x00000000eb360010,0x00000000eb380000)
  to   space 1024K, 0% used [0x00000000eb180000,0x00000000eb180000,0x00000000eb280000)
 ParOldGen       total 260608K, used 260320K [0x00000000c0000000, 0x00000000cfe80000, 0x00000000eab00000)
  object space 260608K, 99% used [0x00000000c0000000,0x00000000cfe380c8,0x00000000cfe80000)
 Metaspace       used 83206K, committed 84864K, reserved 1179648K
  class space    used 9799K, committed 10560K, reserved 1048576K
}
Event: 53.971 GC heap after
{Heap after GC invocations=636 (full 3):
 PSYoungGen      total 6656K, used 832K [0x00000000eab00000, 0x00000000eb300000, 0x0000000100000000)
  eden space 5632K, 0% used [0x00000000eab00000,0x00000000eab00000,0x00000000eb080000)
  from space 1024K, 81% used [0x00000000eb180000,0x00000000eb250000,0x00000000eb280000)
  to   space 512K, 0% used [0x00000000eb280000,0x00000000eb280000,0x00000000eb300000)
 ParOldGen       total 261120K, used 260960K [0x00000000c0000000, 0x00000000cff00000, 0x00000000eab00000)
  object space 261120K, 99% used [0x00000000c0000000,0x00000000cfed80c8,0x00000000cff00000)
 Metaspace       used 83206K, committed 84864K, reserved 1179648K
  class space    used 9799K, committed 10560K, reserved 1048576K
}
Event: 53.982 GC heap before
{Heap before GC invocations=637 (full 3):
 PSYoungGen      total 6656K, used 6464K [0x00000000eab00000, 0x00000000eb300000, 0x0000000100000000)
  eden space 5632K, 100% used [0x00000000eab00000,0x00000000eb080000,0x00000000eb080000)
  from space 1024K, 81% used [0x00000000eb180000,0x00000000eb250000,0x00000000eb280000)
  to   space 512K, 0% used [0x00000000eb280000,0x00000000eb280000,0x00000000eb300000)
 ParOldGen       total 261120K, used 260960K [0x00000000c0000000, 0x00000000cff00000, 0x00000000eab00000)
  object space 261120K, 99% used [0x00000000c0000000,0x00000000cfed80c8,0x00000000cff00000)
 Metaspace       used 83306K, committed 84992K, reserved 1179648K
  class space    used 9820K, committed 10560K, reserved 1048576K
}
Event: 53.984 GC heap after
{Heap after GC invocations=637 (full 3):
 PSYoungGen      total 6144K, used 512K [0x00000000eab00000, 0x00000000eb380000, 0x0000000100000000)
  eden space 5632K, 0% used [0x00000000eab00000,0x00000000eab00000,0x00000000eb080000)
  from space 512K, 100% used [0x00000000eb280000,0x00000000eb300000,0x00000000eb300000)
  to   space 1536K, 0% used [0x00000000eb080000,0x00000000eb080000,0x00000000eb200000)
 ParOldGen       total 262144K, used 261696K [0x00000000c0000000, 0x00000000d0000000, 0x00000000eab00000)
  object space 262144K, 99% used [0x00000000c0000000,0x00000000cff900c8,0x00000000d0000000)
 Metaspace       used 83306K, committed 84992K, reserved 1179648K
  class space    used 9820K, committed 10560K, reserved 1048576K
}
Event: 53.994 GC heap before
{Heap before GC invocations=638 (full 3):
 PSYoungGen      total 6144K, used 6144K [0x00000000eab00000, 0x00000000eb380000, 0x0000000100000000)
  eden space 5632K, 100% used [0x00000000eab00000,0x00000000eb080000,0x00000000eb080000)
  from space 512K, 100% used [0x00000000eb280000,0x00000000eb300000,0x00000000eb300000)
  to   space 1536K, 0% used [0x00000000eb080000,0x00000000eb080000,0x00000000eb200000)
 ParOldGen       total 262144K, used 261696K [0x00000000c0000000, 0x00000000d0000000, 0x00000000eab00000)
  object space 262144K, 99% used [0x00000000c0000000,0x00000000cff900e8,0x00000000d0000000)
 Metaspace       used 83322K, committed 84992K, reserved 1179648K
  class space    used 9822K, committed 10560K, reserved 1048576K
}
Event: 53.996 GC heap after
{Heap after GC invocations=638 (full 3):
 PSYoungGen      total 7168K, used 1150K [0x00000000eab00000, 0x00000000eb380000, 0x0000000100000000)
  eden space 5632K, 0% used [0x00000000eab00000,0x00000000eab00000,0x00000000eb080000)
  from space 1536K, 74% used [0x00000000eb080000,0x00000000eb19f8f8,0x00000000eb200000)
  to   space 1536K, 0% used [0x00000000eb200000,0x00000000eb200000,0x00000000eb380000)
 ParOldGen       total 262656K, used 262176K [0x00000000c0000000, 0x00000000d0080000, 0x00000000eab00000)
  object space 262656K, 99% used [0x00000000c0000000,0x00000000d00080e8,0x00000000d0080000)
 Metaspace       used 83322K, committed 84992K, reserved 1179648K
  class space    used 9822K, committed 10560K, reserved 1048576K
}
Event: 54.003 GC heap before
{Heap before GC invocations=639 (full 3):
 PSYoungGen      total 7168K, used 6782K [0x00000000eab00000, 0x00000000eb380000, 0x0000000100000000)
  eden space 5632K, 100% used [0x00000000eab00000,0x00000000eb080000,0x00000000eb080000)
  from space 1536K, 74% used [0x00000000eb080000,0x00000000eb19f8f8,0x00000000eb200000)
  to   space 1536K, 0% used [0x00000000eb200000,0x00000000eb200000,0x00000000eb380000)
 ParOldGen       total 262656K, used 262180K [0x00000000c0000000, 0x00000000d0080000, 0x00000000eab00000)
  object space 262656K, 99% used [0x00000000c0000000,0x00000000d0009370,0x00000000d0080000)
 Metaspace       used 83334K, committed 84992K, reserved 1179648K
  class space    used 9822K, committed 10560K, reserved 1048576K
}
Event: 55.005 GC heap after
{Heap after GC invocations=639 (full 3):
 PSYoungGen      total 5632K, used 1535K [0x00000000eab00000, 0x00000000eb680000, 0x0000000100000000)
  eden space 4096K, 0% used [0x00000000eab00000,0x00000000eab00000,0x00000000eaf00000)
  from space 1536K, 99% used [0x00000000eb200000,0x00000000eb37fce8,0x00000000eb380000)
  to   space 3072K, 0% used [0x00000000eaf00000,0x00000000eaf00000,0x00000000eb200000)
 ParOldGen       total 263168K, used 263141K [0x00000000c0000000, 0x00000000d0100000, 0x00000000eab00000)
  object space 263168K, 99% used [0x00000000c0000000,0x00000000d00f95a8,0x00000000d0100000)
 Metaspace       used 83334K, committed 84992K, reserved 1179648K
  class space    used 9822K, committed 10560K, reserved 1048576K
}

