# JRE version: Java(TM) SE Runtime Environment (17.0.11+7) (build 17.0.11+7-LTS-207)
# Java VM: Java HotSpot(TM) 64-Bit Server VM (17.0.11+7-LTS-207, mixed mode, sharing, tiered, compressed oops, compressed class ptrs, g1 gc, windows-amd64)
GC Precious Log:
 CPUs: 16 total, 16 available
 Memory: 16163M
 Large Page Support: Disabled
 NUMA Support: Disabled
 Compressed Oops: Enabled (32-bit)
 Heap Region Size: 1M
 Heap Min Capacity: 256M
 Heap Initial Capacity: 256M
 Heap Max Capacity: 512M
 Pre-touch: Disabled
 Parallel Workers: 13
 Concurrent Workers: 3
 Concurrent Refinement Workers: 13
 Periodic GC: Disabled
Heap:
 garbage-first heap   total 262144K, used 102080K [0x00000000e0000000, 0x0000000100000000)
  region size 1024K, 68 young (69632K), 18 survivors (18432K)
 Metaspace       used 57796K, committed 58432K, reserved 393216K
  class space    used 8051K, committed 8320K, reserved 327680K
GC Heap History (14 events):
Event: 0.331 GC heap before
{Heap before GC invocations=0 (full 0):
 garbage-first heap   total 262144K, used 22528K [0x00000000e0000000, 0x0000000100000000)
  region size 1024K, 23 young (23552K), 0 survivors (0K)
 Metaspace       used 1084K, committed 1216K, reserved 393216K
  class space    used 73K, committed 128K, reserved 327680K
}
Event: 0.334 GC heap after
{Heap after GC invocations=1 (full 0):
 garbage-first heap   total 262144K, used 2741K [0x00000000e0000000, 0x0000000100000000)
  region size 1024K, 3 young (3072K), 3 survivors (3072K)
 Metaspace       used 1084K, committed 1216K, reserved 393216K
  class space    used 73K, committed 128K, reserved 327680K
}
Event: 0.860 GC heap before
{Heap before GC invocations=1 (full 0):
 garbage-first heap   total 262144K, used 40629K [0x00000000e0000000, 0x0000000100000000)
  region size 1024K, 38 young (38912K), 3 survivors (3072K)
 Metaspace       used 4459K, committed 4608K, reserved 393216K
  class space    used 549K, committed 640K, reserved 327680K
}
Event: 0.864 GC heap after
{Heap after GC invocations=2 (full 0):
 garbage-first heap   total 262144K, used 10740K [0x00000000e0000000, 0x0000000100000000)
  region size 1024K, 5 young (5120K), 5 survivors (5120K)
 Metaspace       used 4459K, committed 4608K, reserved 393216K
  class space    used 549K, committed 640K, reserved 327680K
}
Event: 1.270 GC heap before
{Heap before GC invocations=2 (full 0):
 garbage-first heap   total 262144K, used 60916K [0x00000000e0000000, 0x0000000100000000)
  region size 1024K, 52 young (53248K), 5 survivors (5120K)
 Metaspace       used 5143K, committed 5376K, reserved 393216K
  class space    used 671K, committed 768K, reserved 327680K
}
Event: 1.275 GC heap after
{Heap after GC invocations=3 (full 0):
 garbage-first heap   total 262144K, used 16861K [0x00000000e0000000, 0x0000000100000000)
  region size 1024K, 7 young (7168K), 7 survivors (7168K)
 Metaspace       used 5143K, committed 5376K, reserved 393216K
  class space    used 671K, committed 768K, reserved 327680K
}
Event: 2.599 GC heap before
{Heap before GC invocations=3 (full 0):
 garbage-first heap   total 262144K, used 121309K [0x00000000e0000000, 0x0000000100000000)
  region size 1024K, 110 young (112640K), 7 survivors (7168K)
 Metaspace       used 21172K, committed 21504K, reserved 393216K
  class space    used 3073K, committed 3264K, reserved 327680K
}
Event: 2.610 GC heap after
{Heap after GC invocations=4 (full 0):
 garbage-first heap   total 262144K, used 24068K [0x00000000e0000000, 0x0000000100000000)
  region size 1024K, 15 young (15360K), 15 survivors (15360K)
 Metaspace       used 21172K, committed 21504K, reserved 393216K
  class space    used 3073K, committed 3264K, reserved 327680K
}
Event: 4.007 GC heap before
{Heap before GC invocations=5 (full 0):
 garbage-first heap   total 262144K, used 143876K [0x00000000e0000000, 0x0000000100000000)
  region size 1024K, 129 young (132096K), 15 survivors (15360K)
 Metaspace       used 35525K, committed 35968K, reserved 393216K
  class space    used 4873K, committed 5120K, reserved 327680K
}
Event: 4.022 GC heap after
{Heap after GC invocations=6 (full 0):
 garbage-first heap   total 262144K, used 34775K [0x00000000e0000000, 0x0000000100000000)
  region size 1024K, 18 young (18432K), 18 survivors (18432K)
 Metaspace       used 35525K, committed 35968K, reserved 393216K
  class space    used 4873K, committed 5120K, reserved 327680K
}
Event: 5.670 GC heap before
{Heap before GC invocations=7 (full 0):
 garbage-first heap   total 262144K, used 175063K [0x00000000e0000000, 0x0000000100000000)
  region size 1024K, 153 young (156672K), 18 survivors (18432K)
 Metaspace       used 48861K, committed 49408K, reserved 393216K
  class space    used 6855K, committed 7104K, reserved 327680K
}
Event: 5.682 GC heap after
{Heap after GC invocations=8 (full 0):
 garbage-first heap   total 262144K, used 40826K [0x00000000e0000000, 0x0000000100000000)
  region size 1024K, 17 young (17408K), 17 survivors (17408K)
 Metaspace       used 48861K, committed 49408K, reserved 393216K
  class space    used 6855K, committed 7104K, reserved 327680K
}
Event: 7.219 GC heap before
{Heap before GC invocations=8 (full 0):
 garbage-first heap   total 262144K, used 180090K [0x00000000e0000000, 0x0000000100000000)
  region size 1024K, 153 young (156672K), 17 survivors (17408K)
 Metaspace       used 56746K, committed 57408K, reserved 393216K
  class space    used 7956K, committed 8256K, reserved 327680K
}
Event: 7.229 GC heap after
{Heap after GC invocations=9 (full 0):
 garbage-first heap   total 262144K, used 51904K [0x00000000e0000000, 0x0000000100000000)
  region size 1024K, 18 young (18432K), 18 survivors (18432K)
 Metaspace       used 56746K, committed 57408K, reserved 393216K
  class space    used 7956K, committed 8256K, reserved 327680K
}

