# JRE version: Java(TM) SE Runtime Environment (17.0.11+7) (build 17.0.11+7-LTS-207)
# Java VM: Java HotSpot(TM) 64-Bit Server VM (17.0.11+7-LTS-207, mixed mode, sharing, tiered, compressed oops, compressed class ptrs, g1 gc, windows-amd64)
GC Precious Log:
 CPUs: 16 total, 16 available
 Memory: 16163M
 Large Page Support: Disabled
 NUMA Support: Disabled
 Compressed Oops: Enabled (32-bit)
 Heap Region Size: 1M
 Heap Min Capacity: 256M
 Heap Initial Capacity: 256M
 Heap Max Capacity: 512M
 Pre-touch: Disabled
 Parallel Workers: 13
 Concurrent Workers: 3
 Concurrent Refinement Workers: 13
 Periodic GC: Disabled
Heap:
 garbage-first heap   total 262144K, used 91415K [0x00000000e0000000, 0x0000000100000000)
  region size 1024K, 17 young (17408K), 9 survivors (9216K)
 Metaspace       used 89738K, committed 90752K, reserved 458752K
  class space    used 11906K, committed 12352K, reserved 327680K
GC Heap History (20 events):
Event: 7.393 GC heap before
{Heap before GC invocations=8 (full 0):
 garbage-first heap   total 262144K, used 101491K [0x00000000e0000000, 0x0000000100000000)
  region size 1024K, 78 young (79872K), 18 survivors (18432K)
 Metaspace       used 59583K, committed 60096K, reserved 393216K
  class space    used 8188K, committed 8448K, reserved 327680K
}
Event: 7.403 GC heap after
{Heap after GC invocations=9 (full 0):
 garbage-first heap   total 262144K, used 45700K [0x00000000e0000000, 0x0000000100000000)
  region size 1024K, 13 young (13312K), 13 survivors (13312K)
 Metaspace       used 59583K, committed 60096K, reserved 393216K
  class space    used 8188K, committed 8448K, reserved 327680K
}
Event: 15.982 GC heap before
{Heap before GC invocations=10 (full 0):
 garbage-first heap   total 262144K, used 189060K [0x00000000e0000000, 0x0000000100000000)
  region size 1024K, 153 young (156672K), 13 survivors (13312K)
 Metaspace       used 63961K, committed 64512K, reserved 393216K
  class space    used 8729K, committed 8960K, reserved 327680K
}
Event: 15.996 GC heap after
{Heap after GC invocations=11 (full 0):
 garbage-first heap   total 262144K, used 54473K [0x00000000e0000000, 0x0000000100000000)
  region size 1024K, 14 young (14336K), 14 survivors (14336K)
 Metaspace       used 63961K, committed 64512K, reserved 393216K
  class space    used 8729K, committed 8960K, reserved 327680K
}
Event: 16.432 GC heap before
{Heap before GC invocations=11 (full 0):
 garbage-first heap   total 262144K, used 195785K [0x00000000e0000000, 0x0000000100000000)
  region size 1024K, 153 young (156672K), 14 survivors (14336K)
 Metaspace       used 65189K, committed 65792K, reserved 393216K
  class space    used 8818K, committed 9088K, reserved 327680K
}
Event: 16.439 GC heap after
{Heap after GC invocations=12 (full 0):
 garbage-first heap   total 262144K, used 57048K [0x00000000e0000000, 0x0000000100000000)
  region size 1024K, 12 young (12288K), 12 survivors (12288K)
 Metaspace       used 65189K, committed 65792K, reserved 393216K
  class space    used 8818K, committed 9088K, reserved 327680K
}
Event: 17.251 GC heap before
{Heap before GC invocations=12 (full 0):
 garbage-first heap   total 262144K, used 201432K [0x00000000e0000000, 0x0000000100000000)
  region size 1024K, 153 young (156672K), 12 survivors (12288K)
 Metaspace       used 69171K, committed 69824K, reserved 393216K
  class space    used 9468K, committed 9792K, reserved 327680K
}
Event: 17.256 GC heap after
{Heap after GC invocations=13 (full 0):
 garbage-first heap   total 262144K, used 58361K [0x00000000e0000000, 0x0000000100000000)
  region size 1024K, 13 young (13312K), 13 survivors (13312K)
 Metaspace       used 69171K, committed 69824K, reserved 393216K
  class space    used 9468K, committed 9792K, reserved 327680K
}
Event: 19.588 GC heap before
{Heap before GC invocations=13 (full 0):
 garbage-first heap   total 262144K, used 201721K [0x00000000e0000000, 0x0000000100000000)
  region size 1024K, 153 young (156672K), 13 survivors (13312K)
 Metaspace       used 73850K, committed 74496K, reserved 393216K
  class space    used 10004K, committed 10304K, reserved 327680K
}
Event: 19.595 GC heap after
{Heap after GC invocations=14 (full 0):
 garbage-first heap   total 262144K, used 64690K [0x00000000e0000000, 0x0000000100000000)
  region size 1024K, 12 young (12288K), 12 survivors (12288K)
 Metaspace       used 73850K, committed 74496K, reserved 393216K
  class space    used 10004K, committed 10304K, reserved 327680K
}
Event: 23.699 GC heap before
{Heap before GC invocations=14 (full 0):
 garbage-first heap   total 262144K, used 208050K [0x00000000e0000000, 0x0000000100000000)
  region size 1024K, 153 young (156672K), 12 survivors (12288K)
 Metaspace       used 76365K, committed 76992K, reserved 458752K
  class space    used 10226K, committed 10496K, reserved 327680K
}
Event: 23.707 GC heap after
{Heap after GC invocations=15 (full 0):
 garbage-first heap   total 262144K, used 71553K [0x00000000e0000000, 0x0000000100000000)
  region size 1024K, 17 young (17408K), 17 survivors (17408K)
 Metaspace       used 76365K, committed 76992K, reserved 458752K
  class space    used 10226K, committed 10496K, reserved 327680K
}
Event: 28.171 GC heap before
{Heap before GC invocations=15 (full 0):
 garbage-first heap   total 262144K, used 210817K [0x00000000e0000000, 0x0000000100000000)
  region size 1024K, 153 young (156672K), 17 survivors (17408K)
 Metaspace       used 81480K, committed 82240K, reserved 458752K
  class space    used 11050K, committed 11392K, reserved 327680K
}
Event: 28.181 GC heap after
{Heap after GC invocations=16 (full 0):
 garbage-first heap   total 262144K, used 76274K [0x00000000e0000000, 0x0000000100000000)
  region size 1024K, 12 young (12288K), 12 survivors (12288K)
 Metaspace       used 81480K, committed 82240K, reserved 458752K
  class space    used 11050K, committed 11392K, reserved 327680K
}
Event: 29.340 GC heap before
{Heap before GC invocations=16 (full 0):
 garbage-first heap   total 262144K, used 212466K [0x00000000e0000000, 0x0000000100000000)
  region size 1024K, 146 young (149504K), 12 survivors (12288K)
 Metaspace       used 84412K, committed 85184K, reserved 458752K
  class space    used 11307K, committed 11648K, reserved 327680K
}
Event: 29.349 GC heap after
{Heap after GC invocations=17 (full 0):
 garbage-first heap   total 262144K, used 82153K [0x00000000e0000000, 0x0000000100000000)
  region size 1024K, 13 young (13312K), 13 survivors (13312K)
 Metaspace       used 84412K, committed 85184K, reserved 458752K
  class space    used 11307K, committed 11648K, reserved 327680K
}
Event: 30.365 GC heap before
{Heap before GC invocations=17 (full 0):
 garbage-first heap   total 262144K, used 214249K [0x00000000e0000000, 0x0000000100000000)
  region size 1024K, 143 young (146432K), 13 survivors (13312K)
 Metaspace       used 85740K, committed 86592K, reserved 458752K
  class space    used 11412K, committed 11776K, reserved 327680K
}
Event: 30.373 GC heap after
{Heap after GC invocations=18 (full 0):
 garbage-first heap   total 262144K, used 84027K [0x00000000e0000000, 0x0000000100000000)
  region size 1024K, 9 young (9216K), 9 survivors (9216K)
 Metaspace       used 85740K, committed 86592K, reserved 458752K
  class space    used 11412K, committed 11776K, reserved 327680K
}
Event: 75.647 GC heap before
{Heap before GC invocations=18 (full 0):
 garbage-first heap   total 262144K, used 213051K [0x00000000e0000000, 0x0000000100000000)
  region size 1024K, 136 young (139264K), 9 survivors (9216K)
 Metaspace       used 89629K, committed 90560K, reserved 458752K
  class space    used 11898K, committed 12288K, reserved 327680K
}
Event: 75.654 GC heap after
{Heap after GC invocations=19 (full 0):
 garbage-first heap   total 262144K, used 84247K [0x00000000e0000000, 0x0000000100000000)
  region size 1024K, 9 young (9216K), 9 survivors (9216K)
 Metaspace       used 89629K, committed 90560K, reserved 458752K
  class space    used 11898K, committed 12288K, reserved 327680K
}

