# JRE version: OpenJDK Runtime Environment Temurin-21.0.6+7 (21.0.6+7) (build 21.0.6+7-LTS)
# Java VM: OpenJDK 64-Bit Server VM Temurin-21.0.6+7 (21.0.6+7-LTS, mixed mode, sharing, tiered, compressed oops, compressed class ptrs, parallel gc, windows-amd64)
GC Precious Log:
 CardTable entry size: 512
 CPUs: 16 total, 16 available
 Memory: 16163M
 Large Page Support: Disabled
 NUMA Support: Disabled
 Compressed Oops: Enabled (32-bit)
 Alignments: Space 512K, Generation 512K, Heap 2M
 Heap Min Capacity: 100M
 Heap Initial Capacity: 100M
 Heap Max Capacity: 1G
 Pre-touch: Disabled
 Parallel Workers: 13
Heap:
 PSYoungGen      total 12800K, used 11256K [0x00000000eab00000, 0x00000000ebd00000, 0x0000000100000000)
  eden space 11776K, 86% used [0x00000000eab00000,0x00000000eb500ed8,0x00000000eb680000)
  from space 1024K, 98% used [0x00000000eb900000,0x00000000eb9fd498,0x00000000eba00000)
  to   space 2560K, 0% used [0x00000000eb680000,0x00000000eb680000,0x00000000eb900000)
 ParOldGen       total 498688K, used 498384K [0x00000000c0000000, 0x00000000de700000, 0x00000000eab00000)
  object space 498688K, 99% used [0x00000000c0000000,0x00000000de6b4318,0x00000000de700000)
 Metaspace       used 95146K, committed 96960K, reserved 1179648K
  class space    used 10902K, committed 11776K, reserved 1048576K
GC Heap History (20 events):
Event: 1389.704 GC heap before
{Heap before GC invocations=1660 (full 5):
 PSYoungGen      total 13824K, used 13823K [0x00000000eab00000, 0x00000000eba00000, 0x0000000100000000)
  eden space 13312K, 100% used [0x00000000eab00000,0x00000000eb800000,0x00000000eb800000)
  from space 512K, 99% used [0x00000000eb900000,0x00000000eb97fcc8,0x00000000eb980000)
  to   space 1024K, 0% used [0x00000000eb800000,0x00000000eb800000,0x00000000eb900000)
 ParOldGen       total 494592K, used 494249K [0x00000000c0000000, 0x00000000de300000, 0x00000000eab00000)
  object space 494592K, 99% used [0x00000000c0000000,0x00000000de2aa628,0x00000000de300000)
 Metaspace       used 95057K, committed 96896K, reserved 1179648K
  class space    used 10901K, committed 11776K, reserved 1048576K
}
Event: 1389.705 GC heap after
{Heap after GC invocations=1660 (full 5):
 PSYoungGen      total 14336K, used 525K [0x00000000eab00000, 0x00000000eba00000, 0x0000000100000000)
  eden space 13312K, 0% used [0x00000000eab00000,0x00000000eab00000,0x00000000eb800000)
  from space 1024K, 51% used [0x00000000eb800000,0x00000000eb8835b8,0x00000000eb900000)
  to   space 1024K, 0% used [0x00000000eb900000,0x00000000eb900000,0x00000000eba00000)
 ParOldGen       total 494592K, used 494441K [0x00000000c0000000, 0x00000000de300000, 0x00000000eab00000)
  object space 494592K, 99% used [0x00000000c0000000,0x00000000de2da628,0x00000000de300000)
 Metaspace       used 95057K, committed 96896K, reserved 1179648K
  class space    used 10901K, committed 11776K, reserved 1048576K
}
Event: 1389.721 GC heap before
{Heap before GC invocations=1661 (full 5):
 PSYoungGen      total 14336K, used 13837K [0x00000000eab00000, 0x00000000eba00000, 0x0000000100000000)
  eden space 13312K, 100% used [0x00000000eab00000,0x00000000eb800000,0x00000000eb800000)
  from space 1024K, 51% used [0x00000000eb800000,0x00000000eb8835b8,0x00000000eb900000)
  to   space 1024K, 0% used [0x00000000eb900000,0x00000000eb900000,0x00000000eba00000)
 ParOldGen       total 494592K, used 494441K [0x00000000c0000000, 0x00000000de300000, 0x00000000eab00000)
  object space 494592K, 99% used [0x00000000c0000000,0x00000000de2da628,0x00000000de300000)
 Metaspace       used 95057K, committed 96896K, reserved 1179648K
  class space    used 10901K, committed 11776K, reserved 1048576K
}
Event: 1389.722 GC heap after
{Heap after GC invocations=1661 (full 5):
 PSYoungGen      total 13824K, used 448K [0x00000000eab00000, 0x00000000eb980000, 0x0000000100000000)
  eden space 13312K, 0% used [0x00000000eab00000,0x00000000eab00000,0x00000000eb800000)
  from space 512K, 87% used [0x00000000eb900000,0x00000000eb970000,0x00000000eb980000)
  to   space 512K, 0% used [0x00000000eb880000,0x00000000eb880000,0x00000000eb900000)
 ParOldGen       total 495104K, used 494697K [0x00000000c0000000, 0x00000000de380000, 0x00000000eab00000)
  object space 495104K, 99% used [0x00000000c0000000,0x00000000de31a628,0x00000000de380000)
 Metaspace       used 95057K, committed 96896K, reserved 1179648K
  class space    used 10901K, committed 11776K, reserved 1048576K
}
Event: 1389.736 GC heap before
{Heap before GC invocations=1662 (full 5):
 PSYoungGen      total 13824K, used 13760K [0x00000000eab00000, 0x00000000eb980000, 0x0000000100000000)
  eden space 13312K, 100% used [0x00000000eab00000,0x00000000eb800000,0x00000000eb800000)
  from space 512K, 87% used [0x00000000eb900000,0x00000000eb970000,0x00000000eb980000)
  to   space 512K, 0% used [0x00000000eb880000,0x00000000eb880000,0x00000000eb900000)
 ParOldGen       total 495104K, used 494697K [0x00000000c0000000, 0x00000000de380000, 0x00000000eab00000)
  object space 495104K, 99% used [0x00000000c0000000,0x00000000de31a628,0x00000000de380000)
 Metaspace       used 95057K, committed 96896K, reserved 1179648K
  class space    used 10901K, committed 11776K, reserved 1048576K
}
Event: 1389.738 GC heap after
{Heap after GC invocations=1662 (full 5):
 PSYoungGen      total 13824K, used 483K [0x00000000eab00000, 0x00000000eb980000, 0x0000000100000000)
  eden space 13312K, 0% used [0x00000000eab00000,0x00000000eab00000,0x00000000eb800000)
  from space 512K, 94% used [0x00000000eb880000,0x00000000eb8f8ed0,0x00000000eb900000)
  to   space 512K, 0% used [0x00000000eb900000,0x00000000eb900000,0x00000000eb980000)
 ParOldGen       total 495616K, used 495339K [0x00000000c0000000, 0x00000000de400000, 0x00000000eab00000)
  object space 495616K, 99% used [0x00000000c0000000,0x00000000de3baee8,0x00000000de400000)
 Metaspace       used 95057K, committed 96896K, reserved 1179648K
  class space    used 10901K, committed 11776K, reserved 1048576K
}
Event: 1389.748 GC heap before
{Heap before GC invocations=1663 (full 5):
 PSYoungGen      total 13824K, used 13795K [0x00000000eab00000, 0x00000000eb980000, 0x0000000100000000)
  eden space 13312K, 100% used [0x00000000eab00000,0x00000000eb800000,0x00000000eb800000)
  from space 512K, 94% used [0x00000000eb880000,0x00000000eb8f8ed0,0x00000000eb900000)
  to   space 512K, 0% used [0x00000000eb900000,0x00000000eb900000,0x00000000eb980000)
 ParOldGen       total 495616K, used 495339K [0x00000000c0000000, 0x00000000de400000, 0x00000000eab00000)
  object space 495616K, 99% used [0x00000000c0000000,0x00000000de3baee8,0x00000000de400000)
 Metaspace       used 95057K, committed 96896K, reserved 1179648K
  class space    used 10901K, committed 11776K, reserved 1048576K
}
Event: 1389.749 GC heap after
{Heap after GC invocations=1663 (full 5):
 PSYoungGen      total 13824K, used 416K [0x00000000eab00000, 0x00000000eb980000, 0x0000000100000000)
  eden space 13312K, 0% used [0x00000000eab00000,0x00000000eab00000,0x00000000eb800000)
  from space 512K, 81% used [0x00000000eb900000,0x00000000eb968000,0x00000000eb980000)
  to   space 512K, 0% used [0x00000000eb880000,0x00000000eb880000,0x00000000eb900000)
 ParOldGen       total 495616K, used 495589K [0x00000000c0000000, 0x00000000de400000, 0x00000000eab00000)
  object space 495616K, 99% used [0x00000000c0000000,0x00000000de3f9598,0x00000000de400000)
 Metaspace       used 95057K, committed 96896K, reserved 1179648K
  class space    used 10901K, committed 11776K, reserved 1048576K
}
Event: 1389.772 GC heap before
{Heap before GC invocations=1664 (full 5):
 PSYoungGen      total 13824K, used 13728K [0x00000000eab00000, 0x00000000eb980000, 0x0000000100000000)
  eden space 13312K, 100% used [0x00000000eab00000,0x00000000eb800000,0x00000000eb800000)
  from space 512K, 81% used [0x00000000eb900000,0x00000000eb968000,0x00000000eb980000)
  to   space 512K, 0% used [0x00000000eb880000,0x00000000eb880000,0x00000000eb900000)
 ParOldGen       total 495616K, used 495589K [0x00000000c0000000, 0x00000000de400000, 0x00000000eab00000)
  object space 495616K, 99% used [0x00000000c0000000,0x00000000de3f9598,0x00000000de400000)
 Metaspace       used 95057K, committed 96896K, reserved 1179648K
  class space    used 10901K, committed 11776K, reserved 1048576K
}
Event: 1389.774 GC heap after
{Heap after GC invocations=1664 (full 5):
 PSYoungGen      total 13824K, used 464K [0x00000000eab00000, 0x00000000eb980000, 0x0000000100000000)
  eden space 13312K, 0% used [0x00000000eab00000,0x00000000eab00000,0x00000000eb800000)
  from space 512K, 90% used [0x00000000eb880000,0x00000000eb8f40d0,0x00000000eb900000)
  to   space 512K, 0% used [0x00000000eb900000,0x00000000eb900000,0x00000000eb980000)
 ParOldGen       total 496128K, used 495826K [0x00000000c0000000, 0x00000000de480000, 0x00000000eab00000)
  object space 496128K, 99% used [0x00000000c0000000,0x00000000de4348f0,0x00000000de480000)
 Metaspace       used 95057K, committed 96896K, reserved 1179648K
  class space    used 10901K, committed 11776K, reserved 1048576K
}
Event: 1389.802 GC heap before
{Heap before GC invocations=1665 (full 5):
 PSYoungGen      total 13824K, used 13776K [0x00000000eab00000, 0x00000000eb980000, 0x0000000100000000)
  eden space 13312K, 100% used [0x00000000eab00000,0x00000000eb800000,0x00000000eb800000)
  from space 512K, 90% used [0x00000000eb880000,0x00000000eb8f40d0,0x00000000eb900000)
  to   space 512K, 0% used [0x00000000eb900000,0x00000000eb900000,0x00000000eb980000)
 ParOldGen       total 496128K, used 495826K [0x00000000c0000000, 0x00000000de480000, 0x00000000eab00000)
  object space 496128K, 99% used [0x00000000c0000000,0x00000000de4348f0,0x00000000de480000)
 Metaspace       used 95057K, committed 96896K, reserved 1179648K
  class space    used 10901K, committed 11776K, reserved 1048576K
}
Event: 1389.804 GC heap after
{Heap after GC invocations=1665 (full 5):
 PSYoungGen      total 13824K, used 352K [0x00000000eab00000, 0x00000000eb980000, 0x0000000100000000)
  eden space 13312K, 0% used [0x00000000eab00000,0x00000000eab00000,0x00000000eb800000)
  from space 512K, 68% used [0x00000000eb900000,0x00000000eb958000,0x00000000eb980000)
  to   space 512K, 0% used [0x00000000eb880000,0x00000000eb880000,0x00000000eb900000)
 ParOldGen       total 496128K, used 495938K [0x00000000c0000000, 0x00000000de480000, 0x00000000eab00000)
  object space 496128K, 99% used [0x00000000c0000000,0x00000000de4508f0,0x00000000de480000)
 Metaspace       used 95057K, committed 96896K, reserved 1179648K
  class space    used 10901K, committed 11776K, reserved 1048576K
}
Event: 1389.853 GC heap before
{Heap before GC invocations=1666 (full 5):
 PSYoungGen      total 13824K, used 13664K [0x00000000eab00000, 0x00000000eb980000, 0x0000000100000000)
  eden space 13312K, 100% used [0x00000000eab00000,0x00000000eb800000,0x00000000eb800000)
  from space 512K, 68% used [0x00000000eb900000,0x00000000eb958000,0x00000000eb980000)
  to   space 512K, 0% used [0x00000000eb880000,0x00000000eb880000,0x00000000eb900000)
 ParOldGen       total 496128K, used 495938K [0x00000000c0000000, 0x00000000de480000, 0x00000000eab00000)
  object space 496128K, 99% used [0x00000000c0000000,0x00000000de4508f0,0x00000000de480000)
 Metaspace       used 95061K, committed 96896K, reserved 1179648K
  class space    used 10901K, committed 11776K, reserved 1048576K
}
Event: 1389.855 GC heap after
{Heap after GC invocations=1666 (full 5):
 PSYoungGen      total 13824K, used 490K [0x00000000eab00000, 0x00000000eba00000, 0x0000000100000000)
  eden space 13312K, 0% used [0x00000000eab00000,0x00000000eab00000,0x00000000eb800000)
  from space 512K, 95% used [0x00000000eb880000,0x00000000eb8fa910,0x00000000eb900000)
  to   space 1024K, 0% used [0x00000000eb900000,0x00000000eb900000,0x00000000eba00000)
 ParOldGen       total 496640K, used 496276K [0x00000000c0000000, 0x00000000de500000, 0x00000000eab00000)
  object space 496640K, 99% used [0x00000000c0000000,0x00000000de4a51f0,0x00000000de500000)
 Metaspace       used 95061K, committed 96896K, reserved 1179648K
  class space    used 10901K, committed 11776K, reserved 1048576K
}
Event: 1401.034 GC heap before
{Heap before GC invocations=1667 (full 5):
 PSYoungGen      total 13824K, used 13802K [0x00000000eab00000, 0x00000000eba00000, 0x0000000100000000)
  eden space 13312K, 100% used [0x00000000eab00000,0x00000000eb800000,0x00000000eb800000)
  from space 512K, 95% used [0x00000000eb880000,0x00000000eb8fa910,0x00000000eb900000)
  to   space 1024K, 0% used [0x00000000eb900000,0x00000000eb900000,0x00000000eba00000)
 ParOldGen       total 496640K, used 496276K [0x00000000c0000000, 0x00000000de500000, 0x00000000eab00000)
  object space 496640K, 99% used [0x00000000c0000000,0x00000000de4a51f0,0x00000000de500000)
 Metaspace       used 95066K, committed 96896K, reserved 1179648K
  class space    used 10901K, committed 11776K, reserved 1048576K
}
Event: 1401.036 GC heap after
{Heap after GC invocations=1667 (full 5):
 PSYoungGen      total 14336K, used 496K [0x00000000eab00000, 0x00000000eba00000, 0x0000000100000000)
  eden space 13312K, 0% used [0x00000000eab00000,0x00000000eab00000,0x00000000eb800000)
  from space 1024K, 48% used [0x00000000eb900000,0x00000000eb97c030,0x00000000eba00000)
  to   space 1024K, 0% used [0x00000000eb800000,0x00000000eb800000,0x00000000eb900000)
 ParOldGen       total 497152K, used 496756K [0x00000000c0000000, 0x00000000de580000, 0x00000000eab00000)
  object space 497152K, 99% used [0x00000000c0000000,0x00000000de51d0d0,0x00000000de580000)
 Metaspace       used 95066K, committed 96896K, reserved 1179648K
  class space    used 10901K, committed 11776K, reserved 1048576K
}
Event: 1542.474 GC heap before
{Heap before GC invocations=1668 (full 5):
 PSYoungGen      total 14336K, used 13808K [0x00000000eab00000, 0x00000000eba00000, 0x0000000100000000)
  eden space 13312K, 100% used [0x00000000eab00000,0x00000000eb800000,0x00000000eb800000)
  from space 1024K, 48% used [0x00000000eb900000,0x00000000eb97c030,0x00000000eba00000)
  to   space 1024K, 0% used [0x00000000eb800000,0x00000000eb800000,0x00000000eb900000)
 ParOldGen       total 497152K, used 496756K [0x00000000c0000000, 0x00000000de580000, 0x00000000eab00000)
  object space 497152K, 99% used [0x00000000c0000000,0x00000000de51d0d0,0x00000000de580000)
 Metaspace       used 95106K, committed 96960K, reserved 1179648K
  class space    used 10901K, committed 11776K, reserved 1048576K
}
Event: 1544.499 GC heap after
{Heap after GC invocations=1668 (full 5):
 PSYoungGen      total 14336K, used 1017K [0x00000000eab00000, 0x00000000eba00000, 0x0000000100000000)
  eden space 13312K, 0% used [0x00000000eab00000,0x00000000eab00000,0x00000000eb800000)
  from space 1024K, 99% used [0x00000000eb800000,0x00000000eb8fe430,0x00000000eb900000)
  to   space 1024K, 0% used [0x00000000eb900000,0x00000000eb900000,0x00000000eba00000)
 ParOldGen       total 497664K, used 497228K [0x00000000c0000000, 0x00000000de600000, 0x00000000eab00000)
  object space 497664K, 99% used [0x00000000c0000000,0x00000000de5930d0,0x00000000de600000)
 Metaspace       used 95106K, committed 96960K, reserved 1179648K
  class space    used 10901K, committed 11776K, reserved 1048576K
}
Event: 1544.528 GC heap before
{Heap before GC invocations=1669 (full 5):
 PSYoungGen      total 14336K, used 14329K [0x00000000eab00000, 0x00000000eba00000, 0x0000000100000000)
  eden space 13312K, 100% used [0x00000000eab00000,0x00000000eb800000,0x00000000eb800000)
  from space 1024K, 99% used [0x00000000eb800000,0x00000000eb8fe430,0x00000000eb900000)
  to   space 1024K, 0% used [0x00000000eb900000,0x00000000eb900000,0x00000000eba00000)
 ParOldGen       total 497664K, used 497228K [0x00000000c0000000, 0x00000000de600000, 0x00000000eab00000)
  object space 497664K, 99% used [0x00000000c0000000,0x00000000de5930d0,0x00000000de600000)
 Metaspace       used 95111K, committed 96960K, reserved 1179648K
  class space    used 10901K, committed 11776K, reserved 1048576K
}
Event: 1544.531 GC heap after
{Heap after GC invocations=1669 (full 5):
 PSYoungGen      total 12800K, used 1013K [0x00000000eab00000, 0x00000000ebd00000, 0x0000000100000000)
  eden space 11776K, 0% used [0x00000000eab00000,0x00000000eab00000,0x00000000eb680000)
  from space 1024K, 98% used [0x00000000eb900000,0x00000000eb9fd498,0x00000000eba00000)
  to   space 2560K, 0% used [0x00000000eb680000,0x00000000eb680000,0x00000000eb900000)
 ParOldGen       total 498688K, used 498384K [0x00000000c0000000, 0x00000000de700000, 0x00000000eab00000)
  object space 498688K, 99% used [0x00000000c0000000,0x00000000de6b4318,0x00000000de700000)
 Metaspace       used 95111K, committed 96960K, reserved 1179648K
  class space    used 10901K, committed 11776K, reserved 1048576K
}

