# JRE version: Java(TM) SE Runtime Environment (17.0.11+7) (build 17.0.11+7-LTS-207)
# Java VM: Java HotSpot(TM) 64-Bit Server VM (17.0.11+7-LTS-207, mixed mode, tiered, compressed oops, compressed class ptrs, g1 gc, windows-amd64)
GC Precious Log:
 CPUs: 16 total, 16 available
 Memory: 16163M
 Large Page Support: Disabled
 NUMA Support: Disabled
 Compressed Oops: Enabled (32-bit)
 Heap Region Size: 1M
 Heap Min Capacity: 256M
 Heap Initial Capacity: 256M
 Heap Max Capacity: 512M
 Pre-touch: Disabled
 Parallel Workers: 13
 Concurrent Workers: 3
 Concurrent Refinement Workers: 13
 Periodic GC: Disabled
Heap:
 garbage-first heap   total 262144K, used 101363K [0x00000000e0000000, 0x0000000100000000)
  region size 1024K, 51 young (52224K), 20 survivors (20480K)
 Metaspace       used 79446K, committed 80128K, reserved 458752K
  class space    used 10457K, committed 10752K, reserved 327680K
GC Heap History (20 events):
Event: 21.092 GC heap before
{Heap before GC invocations=1 (full 0):
 garbage-first heap   total 262144K, used 42191K [0x00000000e0000000, 0x0000000100000000)
  region size 1024K, 39 young (39936K), 3 survivors (3072K)
 Metaspace       used 11528K, committed 11712K, reserved 393216K
  class space    used 1181K, committed 1280K, reserved 327680K
}
Event: 21.095 GC heap after
{Heap after GC invocations=2 (full 0):
 garbage-first heap   total 262144K, used 11039K [0x00000000e0000000, 0x0000000100000000)
  region size 1024K, 5 young (5120K), 5 survivors (5120K)
 Metaspace       used 11528K, committed 11712K, reserved 393216K
  class space    used 1181K, committed 1280K, reserved 327680K
}
Event: 21.693 GC heap before
{Heap before GC invocations=2 (full 0):
 garbage-first heap   total 262144K, used 63263K [0x00000000e0000000, 0x0000000100000000)
  region size 1024K, 54 young (55296K), 5 survivors (5120K)
 Metaspace       used 13231K, committed 13440K, reserved 393216K
  class space    used 1414K, committed 1536K, reserved 327680K
}
Event: 21.698 GC heap after
{Heap after GC invocations=3 (full 0):
 garbage-first heap   total 262144K, used 17480K [0x00000000e0000000, 0x0000000100000000)
  region size 1024K, 6 young (6144K), 6 survivors (6144K)
 Metaspace       used 13231K, committed 13440K, reserved 393216K
  class space    used 1414K, committed 1536K, reserved 327680K
}
Event: 22.428 GC heap before
{Heap before GC invocations=3 (full 0):
 garbage-first heap   total 262144K, used 50248K [0x00000000e0000000, 0x0000000100000000)
  region size 1024K, 39 young (39936K), 6 survivors (6144K)
 Metaspace       used 21377K, committed 21504K, reserved 393216K
  class space    used 2428K, committed 2496K, reserved 327680K
}
Event: 22.433 GC heap after
{Heap after GC invocations=4 (full 0):
 garbage-first heap   total 262144K, used 20413K [0x00000000e0000000, 0x0000000100000000)
  region size 1024K, 9 young (9216K), 9 survivors (9216K)
 Metaspace       used 21377K, committed 21504K, reserved 393216K
  class space    used 2428K, committed 2496K, reserved 327680K
}
Event: 24.313 GC heap before
{Heap before GC invocations=5 (full 0):
 garbage-first heap   total 262144K, used 126909K [0x00000000e0000000, 0x0000000100000000)
  region size 1024K, 115 young (117760K), 9 survivors (9216K)
 Metaspace       used 35664K, committed 35968K, reserved 393216K
  class space    used 4571K, committed 4672K, reserved 327680K
}
Event: 24.325 GC heap after
{Heap after GC invocations=6 (full 0):
 garbage-first heap   total 262144K, used 26273K [0x00000000e0000000, 0x0000000100000000)
  region size 1024K, 14 young (14336K), 14 survivors (14336K)
 Metaspace       used 35664K, committed 35968K, reserved 393216K
  class space    used 4571K, committed 4672K, reserved 327680K
}
Event: 24.342 GC heap before
{Heap before GC invocations=6 (full 0):
 garbage-first heap   total 262144K, used 26273K [0x00000000e0000000, 0x0000000100000000)
  region size 1024K, 15 young (15360K), 14 survivors (14336K)
 Metaspace       used 35992K, committed 36288K, reserved 393216K
  class space    used 4608K, committed 4736K, reserved 327680K
}
Event: 24.350 GC heap after
{Heap after GC invocations=7 (full 0):
 garbage-first heap   total 262144K, used 26744K [0x00000000e0000000, 0x0000000100000000)
  region size 1024K, 2 young (2048K), 2 survivors (2048K)
 Metaspace       used 35992K, committed 36288K, reserved 393216K
  class space    used 4608K, committed 4736K, reserved 327680K
}
Event: 24.362 GC heap before
{Heap before GC invocations=7 (full 0):
 garbage-first heap   total 262144K, used 26744K [0x00000000e0000000, 0x0000000100000000)
  region size 1024K, 3 young (3072K), 2 survivors (2048K)
 Metaspace       used 36282K, committed 36608K, reserved 393216K
  class space    used 4641K, committed 4800K, reserved 327680K
}
Event: 24.363 GC heap after
{Heap after GC invocations=8 (full 0):
 garbage-first heap   total 262144K, used 26084K [0x00000000e0000000, 0x0000000100000000)
  region size 1024K, 1 young (1024K), 1 survivors (1024K)
 Metaspace       used 36282K, committed 36608K, reserved 393216K
  class space    used 4641K, committed 4800K, reserved 327680K
}
Event: 26.782 GC heap before
{Heap before GC invocations=9 (full 0):
 garbage-first heap   total 262144K, used 187876K [0x00000000e0000000, 0x0000000100000000)
  region size 1024K, 153 young (156672K), 1 survivors (1024K)
 Metaspace       used 53434K, committed 53952K, reserved 393216K
  class space    used 6991K, committed 7232K, reserved 327680K
}
Event: 26.789 GC heap after
{Heap after GC invocations=10 (full 0):
 garbage-first heap   total 262144K, used 34501K [0x00000000e0000000, 0x0000000100000000)
  region size 1024K, 9 young (9216K), 9 survivors (9216K)
 Metaspace       used 53434K, committed 53952K, reserved 393216K
  class space    used 6991K, committed 7232K, reserved 327680K
}
Event: 27.959 GC heap before
{Heap before GC invocations=10 (full 0):
 garbage-first heap   total 262144K, used 140997K [0x00000000e0000000, 0x0000000100000000)
  region size 1024K, 115 young (117760K), 9 survivors (9216K)
 Metaspace       used 60776K, committed 61248K, reserved 393216K
  class space    used 8036K, committed 8256K, reserved 327680K
}
Event: 27.970 GC heap after
{Heap after GC invocations=11 (full 0):
 garbage-first heap   total 262144K, used 42971K [0x00000000e0000000, 0x0000000100000000)
  region size 1024K, 17 young (17408K), 17 survivors (17408K)
 Metaspace       used 60776K, committed 61248K, reserved 393216K
  class space    used 8036K, committed 8256K, reserved 327680K
}
Event: 30.016 GC heap before
{Heap before GC invocations=12 (full 0):
 garbage-first heap   total 262144K, used 182235K [0x00000000e0000000, 0x0000000100000000)
  region size 1024K, 153 young (156672K), 17 survivors (17408K)
 Metaspace       used 65899K, committed 66496K, reserved 393216K
  class space    used 8632K, committed 8896K, reserved 327680K
}
Event: 30.034 GC heap after
{Heap after GC invocations=13 (full 0):
 garbage-first heap   total 262144K, used 51344K [0x00000000e0000000, 0x0000000100000000)
  region size 1024K, 17 young (17408K), 17 survivors (17408K)
 Metaspace       used 65899K, committed 66496K, reserved 393216K
  class space    used 8632K, committed 8896K, reserved 327680K
}
Event: 32.545 GC heap before
{Heap before GC invocations=13 (full 0):
 garbage-first heap   total 262144K, used 189584K [0x00000000e0000000, 0x0000000100000000)
  region size 1024K, 153 young (156672K), 17 survivors (17408K)
 Metaspace       used 77283K, committed 77952K, reserved 458752K
  class space    used 10182K, committed 10496K, reserved 327680K
}
Event: 32.565 GC heap after
{Heap after GC invocations=14 (full 0):
 garbage-first heap   total 262144K, used 71667K [0x00000000e0000000, 0x0000000100000000)
  region size 1024K, 20 young (20480K), 20 survivors (20480K)
 Metaspace       used 77283K, committed 77952K, reserved 458752K
  class space    used 10182K, committed 10496K, reserved 327680K
}

