# JRE version: Java(TM) SE Runtime Environment (17.0.11+7) (build 17.0.11+7-LTS-207)
# Java VM: Java HotSpot(TM) 64-Bit Server VM (17.0.11+7-LTS-207, mixed mode, sharing, tiered, compressed oops, compressed class ptrs, g1 gc, windows-amd64)
GC Precious Log:
 CPUs: 16 total, 16 available
 Memory: 16163M
 Large Page Support: Disabled
 NUMA Support: Disabled
 Compressed Oops: Enabled (32-bit)
 Heap Region Size: 1M
 Heap Min Capacity: 256M
 Heap Initial Capacity: 256M
 Heap Max Capacity: 512M
 Pre-touch: Disabled
 Parallel Workers: 13
 Concurrent Workers: 3
 Concurrent Refinement Workers: 13
 Periodic GC: Disabled
Heap:
 garbage-first heap   total 262144K, used 80568K [0x00000000e0000000, 0x0000000100000000)
  region size 1024K, 22 young (22528K), 9 survivors (9216K)
 Metaspace       used 67342K, committed 68160K, reserved 393216K
  class space    used 9088K, committed 9472K, reserved 327680K
GC Heap History (20 events):
Event: 5.260 GC heap before
{Heap before GC invocations=4 (full 0):
 garbage-first heap   total 262144K, used 143077K [0x00000000e0000000, 0x0000000100000000)
  region size 1024K, 126 young (129024K), 13 survivors (13312K)
 Metaspace       used 35684K, committed 36096K, reserved 393216K
  class space    used 4951K, committed 5184K, reserved 327680K
}
Event: 5.272 GC heap after
{Heap after GC invocations=5 (full 0):
 garbage-first heap   total 262144K, used 33419K [0x00000000e0000000, 0x0000000100000000)
  region size 1024K, 10 young (10240K), 10 survivors (10240K)
 Metaspace       used 35684K, committed 36096K, reserved 393216K
  class space    used 4951K, committed 5184K, reserved 327680K
}
Event: 5.330 GC heap before
{Heap before GC invocations=5 (full 0):
 garbage-first heap   total 262144K, used 35467K [0x00000000e0000000, 0x0000000100000000)
  region size 1024K, 12 young (12288K), 10 survivors (10240K)
 Metaspace       used 35941K, committed 36416K, reserved 393216K
  class space    used 4989K, committed 5184K, reserved 327680K
}
Event: 5.335 GC heap after
{Heap after GC invocations=6 (full 0):
 garbage-first heap   total 262144K, used 33881K [0x00000000e0000000, 0x0000000100000000)
  region size 1024K, 2 young (2048K), 2 survivors (2048K)
 Metaspace       used 35941K, committed 36416K, reserved 393216K
  class space    used 4989K, committed 5184K, reserved 327680K
}
Event: 5.365 GC heap before
{Heap before GC invocations=6 (full 0):
 garbage-first heap   total 262144K, used 35929K [0x00000000e0000000, 0x0000000100000000)
  region size 1024K, 5 young (5120K), 2 survivors (2048K)
 Metaspace       used 36013K, committed 36416K, reserved 393216K
  class space    used 4996K, committed 5184K, reserved 327680K
}
Event: 5.366 GC heap after
{Heap after GC invocations=7 (full 0):
 garbage-first heap   total 262144K, used 33395K [0x00000000e0000000, 0x0000000100000000)
  region size 1024K, 1 young (1024K), 1 survivors (1024K)
 Metaspace       used 36013K, committed 36416K, reserved 393216K
  class space    used 4996K, committed 5184K, reserved 327680K
}
Event: 7.358 GC heap before
{Heap before GC invocations=8 (full 0):
 garbage-first heap   total 262144K, used 190067K [0x00000000e0000000, 0x0000000100000000)
  region size 1024K, 153 young (156672K), 1 survivors (1024K)
 Metaspace       used 48991K, committed 49536K, reserved 393216K
  class space    used 6988K, committed 7232K, reserved 327680K
}
Event: 7.364 GC heap after
{Heap after GC invocations=9 (full 0):
 garbage-first heap   total 262144K, used 40009K [0x00000000e0000000, 0x0000000100000000)
  region size 1024K, 8 young (8192K), 8 survivors (8192K)
 Metaspace       used 48991K, committed 49536K, reserved 393216K
  class space    used 6988K, committed 7232K, reserved 327680K
}
Event: 9.553 GC heap before
{Heap before GC invocations=9 (full 0):
 garbage-first heap   total 262144K, used 173129K [0x00000000e0000000, 0x0000000100000000)
  region size 1024K, 139 young (142336K), 8 survivors (8192K)
 Metaspace       used 60480K, committed 61056K, reserved 393216K
  class space    used 8427K, committed 8704K, reserved 327680K
}
Event: 9.564 GC heap after
{Heap after GC invocations=10 (full 0):
 garbage-first heap   total 262144K, used 52454K [0x00000000e0000000, 0x0000000100000000)
  region size 1024K, 20 young (20480K), 20 survivors (20480K)
 Metaspace       used 60480K, committed 61056K, reserved 393216K
  class space    used 8427K, committed 8704K, reserved 327680K
}
Event: 16.335 GC heap before
{Heap before GC invocations=11 (full 0):
 garbage-first heap   total 262144K, used 188646K [0x00000000e0000000, 0x0000000100000000)
  region size 1024K, 153 young (156672K), 20 survivors (20480K)
 Metaspace       used 64710K, committed 65408K, reserved 393216K
  class space    used 9014K, committed 9344K, reserved 327680K
}
Event: 16.350 GC heap after
{Heap after GC invocations=12 (full 0):
 garbage-first heap   total 262144K, used 63752K [0x00000000e0000000, 0x0000000100000000)
  region size 1024K, 12 young (12288K), 12 survivors (12288K)
 Metaspace       used 64710K, committed 65408K, reserved 393216K
  class space    used 9014K, committed 9344K, reserved 327680K
}
Event: 27.065 GC heap before
{Heap before GC invocations=12 (full 0):
 garbage-first heap   total 262144K, used 198920K [0x00000000e0000000, 0x0000000100000000)
  region size 1024K, 145 young (148480K), 12 survivors (12288K)
 Metaspace       used 65951K, committed 66688K, reserved 393216K
  class space    used 9053K, committed 9408K, reserved 327680K
}
Event: 27.071 GC heap after
{Heap after GC invocations=13 (full 0):
 garbage-first heap   total 262144K, used 66232K [0x00000000e0000000, 0x0000000100000000)
  region size 1024K, 7 young (7168K), 7 survivors (7168K)
 Metaspace       used 65951K, committed 66688K, reserved 393216K
  class space    used 9053K, committed 9408K, reserved 327680K
}
Event: 32.849 GC heap before
{Heap before GC invocations=13 (full 0):
 garbage-first heap   total 262144K, used 203448K [0x00000000e0000000, 0x0000000100000000)
  region size 1024K, 141 young (144384K), 7 survivors (7168K)
 Metaspace       used 66590K, committed 67392K, reserved 393216K
  class space    used 9073K, committed 9472K, reserved 327680K
}
Event: 32.853 GC heap after
{Heap after GC invocations=14 (full 0):
 garbage-first heap   total 262144K, used 66461K [0x00000000e0000000, 0x0000000100000000)
  region size 1024K, 8 young (8192K), 8 survivors (8192K)
 Metaspace       used 66590K, committed 67392K, reserved 393216K
  class space    used 9073K, committed 9472K, reserved 327680K
}
Event: 42.716 GC heap before
{Heap before GC invocations=14 (full 0):
 garbage-first heap   total 262144K, used 203677K [0x00000000e0000000, 0x0000000100000000)
  region size 1024K, 143 young (146432K), 8 survivors (8192K)
 Metaspace       used 67025K, committed 67840K, reserved 393216K
  class space    used 9086K, committed 9472K, reserved 327680K
}
Event: 42.720 GC heap after
{Heap after GC invocations=15 (full 0):
 garbage-first heap   total 262144K, used 65840K [0x00000000e0000000, 0x0000000100000000)
  region size 1024K, 7 young (7168K), 7 survivors (7168K)
 Metaspace       used 67025K, committed 67840K, reserved 393216K
  class space    used 9086K, committed 9472K, reserved 327680K
}
Event: 203.675 GC heap before
{Heap before GC invocations=15 (full 0):
 garbage-first heap   total 262144K, used 206128K [0x00000000e0000000, 0x0000000100000000)
  region size 1024K, 145 young (148480K), 7 survivors (7168K)
 Metaspace       used 67322K, committed 68096K, reserved 393216K
  class space    used 9088K, committed 9472K, reserved 327680K
}
Event: 203.684 GC heap after
{Heap after GC invocations=16 (full 0):
 garbage-first heap   total 262144K, used 68280K [0x00000000e0000000, 0x0000000100000000)
  region size 1024K, 9 young (9216K), 9 survivors (9216K)
 Metaspace       used 67322K, committed 68096K, reserved 393216K
  class space    used 9088K, committed 9472K, reserved 327680K
}

