# JRE version: Java(TM) SE Runtime Environment (17.0.11+7) (build 17.0.11+7-LTS-207)
# Java VM: Java HotSpot(TM) 64-Bit Server VM (17.0.11+7-LTS-207, mixed mode, sharing, tiered, compressed oops, compressed class ptrs, g1 gc, windows-amd64)
GC Precious Log:
 CPUs: 16 total, 16 available
 Memory: 16163M
 Large Page Support: Disabled
 NUMA Support: Disabled
 Compressed Oops: Enabled (32-bit)
 Heap Region Size: 1M
 Heap Min Capacity: 256M
 Heap Initial Capacity: 256M
 Heap Max Capacity: 512M
 Pre-touch: Disabled
 Parallel Workers: 13
 Concurrent Workers: 3
 Concurrent Refinement Workers: 13
 Periodic GC: Disabled
Heap:
 garbage-first heap   total 262144K, used 192697K [0x00000000e0000000, 0x0000000100000000)
  region size 1024K, 87 young (89088K), 8 survivors (8192K)
 Metaspace       used 80412K, committed 81216K, reserved 458752K
  class space    used 11043K, committed 11392K, reserved 327680K
GC Heap History (20 events):
Event: 8.132 GC heap before
{Heap before GC invocations=4 (full 0):
 garbage-first heap   total 262144K, used 159218K [0x00000000e0000000, 0x0000000100000000)
  region size 1024K, 136 young (139264K), 13 survivors (13312K)
 Metaspace       used 35509K, committed 35968K, reserved 393216K
  class space    used 5067K, committed 5312K, reserved 327680K
}
Event: 8.145 GC heap after
{Heap after GC invocations=5 (full 0):
 garbage-first heap   total 262144K, used 45201K [0x00000000e0000000, 0x0000000100000000)
  region size 1024K, 10 young (10240K), 10 survivors (10240K)
 Metaspace       used 35509K, committed 35968K, reserved 393216K
  class space    used 5067K, committed 5312K, reserved 327680K
}
Event: 8.186 GC heap before
{Heap before GC invocations=5 (full 0):
 garbage-first heap   total 262144K, used 45201K [0x00000000e0000000, 0x0000000100000000)
  region size 1024K, 12 young (12288K), 10 survivors (10240K)
 Metaspace       used 35852K, committed 36288K, reserved 393216K
  class space    used 5096K, committed 5312K, reserved 327680K
}
Event: 8.192 GC heap after
{Heap after GC invocations=6 (full 0):
 garbage-first heap   total 262144K, used 45383K [0x00000000e0000000, 0x0000000100000000)
  region size 1024K, 2 young (2048K), 2 survivors (2048K)
 Metaspace       used 35852K, committed 36288K, reserved 393216K
  class space    used 5096K, committed 5312K, reserved 327680K
}
Event: 8.208 GC heap before
{Heap before GC invocations=6 (full 0):
 garbage-first heap   total 262144K, used 50503K [0x00000000e0000000, 0x0000000100000000)
  region size 1024K, 4 young (4096K), 2 survivors (2048K)
 Metaspace       used 36122K, committed 36608K, reserved 393216K
  class space    used 5099K, committed 5376K, reserved 327680K
}
Event: 8.210 GC heap after
{Heap after GC invocations=7 (full 0):
 garbage-first heap   total 262144K, used 46473K [0x00000000e0000000, 0x0000000100000000)
  region size 1024K, 1 young (1024K), 1 survivors (1024K)
 Metaspace       used 36122K, committed 36608K, reserved 393216K
  class space    used 5099K, committed 5376K, reserved 327680K
}
Event: 13.879 GC heap before
{Heap before GC invocations=8 (full 0):
 garbage-first heap   total 262144K, used 208265K [0x00000000e0000000, 0x0000000100000000)
  region size 1024K, 146 young (149504K), 1 survivors (1024K)
 Metaspace       used 50535K, committed 51072K, reserved 393216K
  class space    used 7218K, committed 7488K, reserved 327680K
}
Event: 13.885 GC heap after
{Heap after GC invocations=9 (full 0):
 garbage-first heap   total 262144K, used 66699K [0x00000000e0000000, 0x0000000100000000)
  region size 1024K, 11 young (11264K), 11 survivors (11264K)
 Metaspace       used 50535K, committed 51072K, reserved 393216K
  class space    used 7218K, committed 7488K, reserved 327680K
}
Event: 13.899 GC heap before
{Heap before GC invocations=9 (full 0):
 garbage-first heap   total 262144K, used 67723K [0x00000000e0000000, 0x0000000100000000)
  region size 1024K, 12 young (12288K), 11 survivors (11264K)
 Metaspace       used 50631K, committed 51200K, reserved 393216K
  class space    used 7239K, committed 7488K, reserved 327680K
}
Event: 13.904 GC heap after
{Heap after GC invocations=10 (full 0):
 garbage-first heap   total 262144K, used 67184K [0x00000000e0000000, 0x0000000100000000)
  region size 1024K, 1 young (1024K), 1 survivors (1024K)
 Metaspace       used 50631K, committed 51200K, reserved 393216K
  class space    used 7239K, committed 7488K, reserved 327680K
}
Event: 17.337 GC heap before
{Heap before GC invocations=10 (full 0):
 garbage-first heap   total 262144K, used 202352K [0x00000000e0000000, 0x0000000100000000)
  region size 1024K, 133 young (136192K), 1 survivors (1024K)
 Metaspace       used 59247K, committed 59840K, reserved 393216K
  class space    used 8408K, committed 8704K, reserved 327680K
}
Event: 17.344 GC heap after
{Heap after GC invocations=11 (full 0):
 garbage-first heap   total 262144K, used 73585K [0x00000000e0000000, 0x0000000100000000)
  region size 1024K, 8 young (8192K), 8 survivors (8192K)
 Metaspace       used 59247K, committed 59840K, reserved 393216K
  class space    used 8408K, committed 8704K, reserved 327680K
}
Event: 21.693 GC heap before
{Heap before GC invocations=12 (full 0):
 garbage-first heap   total 262144K, used 216945K [0x00000000e0000000, 0x0000000100000000)
  region size 1024K, 136 young (139264K), 8 survivors (8192K)
 Metaspace       used 67775K, committed 68544K, reserved 393216K
  class space    used 9715K, committed 10112K, reserved 327680K
}
Event: 21.705 GC heap after
{Heap after GC invocations=13 (full 0):
 garbage-first heap   total 262144K, used 98686K [0x00000000e0000000, 0x0000000100000000)
  region size 1024K, 17 young (17408K), 17 survivors (17408K)
 Metaspace       used 67775K, committed 68544K, reserved 393216K
  class space    used 9715K, committed 10112K, reserved 327680K
}
Event: 21.731 GC heap before
{Heap before GC invocations=13 (full 0):
 garbage-first heap   total 262144K, used 99710K [0x00000000e0000000, 0x0000000100000000)
  region size 1024K, 18 young (18432K), 17 survivors (17408K)
 Metaspace       used 67908K, committed 68672K, reserved 393216K
  class space    used 9730K, committed 10112K, reserved 327680K
}
Event: 21.742 GC heap after
{Heap after GC invocations=14 (full 0):
 garbage-first heap   total 262144K, used 100400K [0x00000000e0000000, 0x0000000100000000)
  region size 1024K, 2 young (2048K), 2 survivors (2048K)
 Metaspace       used 67908K, committed 68672K, reserved 393216K
  class space    used 9730K, committed 10112K, reserved 327680K
}
Event: 25.288 GC heap before
{Heap before GC invocations=14 (full 0):
 garbage-first heap   total 262144K, used 208944K [0x00000000e0000000, 0x0000000100000000)
  region size 1024K, 108 young (110592K), 2 survivors (2048K)
 Metaspace       used 79249K, committed 80000K, reserved 458752K
  class space    used 11023K, committed 11392K, reserved 327680K
}
Event: 25.293 GC heap after
{Heap after GC invocations=15 (full 0):
 garbage-first heap   total 262144K, used 106416K [0x00000000e0000000, 0x0000000100000000)
  region size 1024K, 8 young (8192K), 8 survivors (8192K)
 Metaspace       used 79249K, committed 80000K, reserved 458752K
  class space    used 11023K, committed 11392K, reserved 327680K
}
Event: 30.291 GC heap before
{Heap before GC invocations=15 (full 0):
 garbage-first heap   total 262144K, used 209840K [0x00000000e0000000, 0x0000000100000000)
  region size 1024K, 109 young (111616K), 8 survivors (8192K)
 Metaspace       used 80324K, committed 81088K, reserved 458752K
  class space    used 11043K, committed 11392K, reserved 327680K
}
Event: 30.298 GC heap after
{Heap after GC invocations=16 (full 0):
 garbage-first heap   total 262144K, used 112825K [0x00000000e0000000, 0x0000000100000000)
  region size 1024K, 8 young (8192K), 8 survivors (8192K)
 Metaspace       used 80324K, committed 81088K, reserved 458752K
  class space    used 11043K, committed 11392K, reserved 327680K
}

