# JRE version: Java(TM) SE Runtime Environment (17.0.11+7) (build 17.0.11+7-LTS-207)
# Java VM: Java HotSpot(TM) 64-Bit Server VM (17.0.11+7-LTS-207, mixed mode, sharing, tiered, compressed oops, compressed class ptrs, g1 gc, windows-amd64)
GC Precious Log:
 CPUs: 16 total, 16 available
 Memory: 16163M
 Large Page Support: Disabled
 NUMA Support: Disabled
 Compressed Oops: Enabled (32-bit)
 Heap Region Size: 1M
 Heap Min Capacity: 256M
 Heap Initial Capacity: 256M
 Heap Max Capacity: 512M
 Pre-touch: Disabled
 Parallel Workers: 13
 Concurrent Workers: 3
 Concurrent Refinement Workers: 13
 Periodic GC: Disabled
Heap:
 garbage-first heap   total 262144K, used 125758K [0x00000000e0000000, 0x0000000100000000)
  region size 1024K, 86 young (88064K), 11 survivors (11264K)
 Metaspace       used 40203K, committed 40768K, reserved 393216K
  class space    used 5691K, committed 5952K, reserved 327680K
GC Heap History (8 events):
Event: 1.662 GC heap before
{Heap before GC invocations=0 (full 0):
 garbage-first heap   total 262144K, used 26624K [0x00000000e0000000, 0x0000000100000000)
  region size 1024K, 23 young (23552K), 0 survivors (0K)
 Metaspace       used 1458K, committed 1600K, reserved 393216K
  class space    used 123K, committed 192K, reserved 327680K
}
Event: 1.667 GC heap after
{Heap after GC invocations=1 (full 0):
 garbage-first heap   total 262144K, used 10160K [0x00000000e0000000, 0x0000000100000000)
  region size 1024K, 3 young (3072K), 3 survivors (3072K)
 Metaspace       used 1458K, committed 1600K, reserved 393216K
  class space    used 123K, committed 192K, reserved 327680K
}
Event: 3.501 GC heap before
{Heap before GC invocations=1 (full 0):
 garbage-first heap   total 262144K, used 39856K [0x00000000e0000000, 0x0000000100000000)
  region size 1024K, 32 young (32768K), 3 survivors (3072K)
 Metaspace       used 4455K, committed 4608K, reserved 393216K
  class space    used 542K, committed 640K, reserved 327680K
}
Event: 3.503 GC heap after
{Heap after GC invocations=2 (full 0):
 garbage-first heap   total 262144K, used 11728K [0x00000000e0000000, 0x0000000100000000)
  region size 1024K, 2 young (2048K), 2 survivors (2048K)
 Metaspace       used 4455K, committed 4608K, reserved 393216K
  class space    used 542K, committed 640K, reserved 327680K
}
Event: 5.919 GC heap before
{Heap before GC invocations=2 (full 0):
 garbage-first heap   total 262144K, used 147920K [0x00000000e0000000, 0x0000000100000000)
  region size 1024K, 134 young (137216K), 2 survivors (2048K)
 Metaspace       used 21150K, committed 21504K, reserved 393216K
  class space    used 3068K, committed 3264K, reserved 327680K
}
Event: 5.929 GC heap after
{Heap after GC invocations=3 (full 0):
 garbage-first heap   total 262144K, used 23969K [0x00000000e0000000, 0x0000000100000000)
  region size 1024K, 13 young (13312K), 13 survivors (13312K)
 Metaspace       used 21150K, committed 21504K, reserved 393216K
  class space    used 3068K, committed 3264K, reserved 327680K
}
Event: 8.809 GC heap before
{Heap before GC invocations=4 (full 0):
 garbage-first heap   total 262144K, used 159137K [0x00000000e0000000, 0x0000000100000000)
  region size 1024K, 136 young (139264K), 13 survivors (13312K)
 Metaspace       used 35581K, committed 35968K, reserved 393216K
  class space    used 5074K, committed 5248K, reserved 327680K
}
Event: 8.820 GC heap after
{Heap after GC invocations=5 (full 0):
 garbage-first heap   total 262144K, used 45886K [0x00000000e0000000, 0x0000000100000000)
  region size 1024K, 11 young (11264K), 11 survivors (11264K)
 Metaspace       used 35581K, committed 35968K, reserved 393216K
  class space    used 5074K, committed 5248K, reserved 327680K
}

